2019-05-28 08:59:50.0538|INFO|ProjectManager.Utils.LoggingUtility|Operation Result Format: JSON
Request ID: 80000005-0003-ff00-b63f-84710c7967bb
Method: GET
URL: http://localhost:50830/api/user
Controller : ProjectManager.Controllers.UserController
Action : GetUser
Action Parameters : System.Web.Http.Tracing.ITraceWriterExtensions+<>c__DisplayClass14_0

2019-05-28 08:59:50.1238|INFO|ProjectManager.Utils.LoggingUtility|Operation Result Format: JSON
Request ID: 80000005-0003-ff00-b63f-84710c7967bb
Method: GET
URL: http://localhost:50830/api/user
Controller : ProjectManager.Controllers.UserController
Action : GetUser
Action Parameters : System.Web.Http.Tracing.ITraceWriterExtensions+<>c__DisplayClass14_0

2019-05-28 08:59:53.7108|INFO|ProjectManager.Utils.LoggingUtility|Operation Result Format: JSON
Request ID: 80000002-0001-fd00-b63f-84710c7967bb
Method: GET
URL: http://localhost:50830/api/user
Controller : ProjectManager.Controllers.UserController
Action : GetUser
Action Parameters : System.Web.Http.Tracing.ITraceWriterExtensions+<>c__DisplayClass14_0

2019-05-28 08:59:53.7108|INFO|ProjectManager.Utils.LoggingUtility|Operation Result Format: JSON
Request ID: 80000002-0001-fd00-b63f-84710c7967bb
Method: GET
URL: http://localhost:50830/api/user
Controller : ProjectManager.Controllers.UserController
Action : GetUser
Action Parameters : System.Web.Http.Tracing.ITraceWriterExtensions+<>c__DisplayClass14_0

2019-05-28 08:59:53.7108|INFO|ProjectManager.Utils.LoggingUtility|Operation Result Format: JSON
Request ID: 80000002-0001-fc00-b63f-84710c7967bb
Method: GET
URL: http://localhost:50830/api/project
Controller : ProjectManager.Controllers.ProjectController
Action : RetrieveProjects
Action Parameters : System.Web.Http.Tracing.ITraceWriterExtensions+<>c__DisplayClass14_0

2019-05-28 08:59:53.7108|INFO|ProjectManager.Utils.LoggingUtility|Operation Result Format: JSON
Request ID: 80000002-0001-fc00-b63f-84710c7967bb
Method: GET
URL: http://localhost:50830/api/project
Controller : ProjectManager.Controllers.ProjectController
Action : RetrieveProjects
Action Parameters : System.Web.Http.Tracing.ITraceWriterExtensions+<>c__DisplayClass14_0

2019-05-28 08:59:55.3608|INFO|ProjectManager.Utils.LoggingUtility|Operation Result Format: JSON
Request ID: 80000003-0001-fc00-b63f-84710c7967bb
Method: GET
URL: http://localhost:50830/api/project
Controller : ProjectManager.Controllers.ProjectController
Action : RetrieveProjects
Action Parameters : System.Web.Http.Tracing.ITraceWriterExtensions+<>c__DisplayClass14_0

2019-05-28 08:59:55.3608|INFO|ProjectManager.Utils.LoggingUtility|Operation Result Format: JSON
Request ID: 80000003-0001-fc00-b63f-84710c7967bb
Method: GET
URL: http://localhost:50830/api/project
Controller : ProjectManager.Controllers.ProjectController
Action : RetrieveProjects
Action Parameters : System.Web.Http.Tracing.ITraceWriterExtensions+<>c__DisplayClass14_0

2019-05-28 08:59:55.3678|INFO|ProjectManager.Utils.LoggingUtility|Operation Result Format: JSON
Request ID: 80000003-0001-fd00-b63f-84710c7967bb
Method: GET
URL: http://localhost:50830/api/user
Controller : ProjectManager.Controllers.UserController
Action : GetUser
Action Parameters : System.Web.Http.Tracing.ITraceWriterExtensions+<>c__DisplayClass14_0

2019-05-28 08:59:55.3678|INFO|ProjectManager.Utils.LoggingUtility|Operation Result Format: JSON
Request ID: 80000003-0001-fd00-b63f-84710c7967bb
Method: GET
URL: http://localhost:50830/api/user
Controller : ProjectManager.Controllers.UserController
Action : GetUser
Action Parameters : System.Web.Http.Tracing.ITraceWriterExtensions+<>c__DisplayClass14_0

2019-05-28 09:00:00.5458|INFO|ProjectManager.Utils.LoggingUtility|Operation Result Format: JSON
Request ID: 80000006-0003-ff00-b63f-84710c7967bb
Method: GET
URL: http://localhost:50830/api/user
Controller : ProjectManager.Controllers.UserController
Action : GetUser
Action Parameters : System.Web.Http.Tracing.ITraceWriterExtensions+<>c__DisplayClass14_0

2019-05-28 09:00:00.5628|INFO|ProjectManager.Utils.LoggingUtility|Operation Result Format: JSON
Request ID: 80000006-0003-ff00-b63f-84710c7967bb
Method: GET
URL: http://localhost:50830/api/user
Controller : ProjectManager.Controllers.UserController
Action : GetUser
Action Parameters : System.Web.Http.Tracing.ITraceWriterExtensions+<>c__DisplayClass14_0

2019-05-28 10:10:25.6332|INFO|ProjectManager.Utils.LoggingUtility|Operation Result Format: JSON
Request ID: 80000006-0000-f900-b63f-84710c7967bb
Method: GET
URL: http://localhost:50830/api/user
Controller : ProjectManager.Controllers.UserController
Action : GetUser
Action Parameters : System.Web.Http.Tracing.ITraceWriterExtensions+<>c__DisplayClass14_0

2019-05-28 10:10:25.6332|INFO|ProjectManager.Utils.LoggingUtility|Operation Result Format: JSON
Request ID: 80000006-0000-f900-b63f-84710c7967bb
Method: GET
URL: http://localhost:50830/api/user
Controller : ProjectManager.Controllers.UserController
Action : GetUser
Action Parameters : System.Web.Http.Tracing.ITraceWriterExtensions+<>c__DisplayClass14_0

2019-05-28 10:10:31.0642|INFO|ProjectManager.Utils.LoggingUtility|Operation Result Format: JSON
Request ID: 80000007-0000-f900-b63f-84710c7967bb
Method: GET
URL: http://localhost:50830/api/user
Controller : ProjectManager.Controllers.UserController
Action : GetUser
Action Parameters : System.Web.Http.Tracing.ITraceWriterExtensions+<>c__DisplayClass14_0

2019-05-28 10:10:31.0682|INFO|ProjectManager.Utils.LoggingUtility|Operation Result Format: JSON
Request ID: 80000007-0000-f900-b63f-84710c7967bb
Method: GET
URL: http://localhost:50830/api/user
Controller : ProjectManager.Controllers.UserController
Action : GetUser
Action Parameters : System.Web.Http.Tracing.ITraceWriterExtensions+<>c__DisplayClass14_0

2019-05-28 10:11:30.0997|INFO|ProjectManager.Utils.LoggingUtility|Operation Result Format: JSON
Request ID: 80000008-0000-f900-b63f-84710c7967bb
Method: GET
URL: http://localhost:50830/api/user
Controller : ProjectManager.Controllers.UserController
Action : GetUser
Action Parameters : System.Web.Http.Tracing.ITraceWriterExtensions+<>c__DisplayClass14_0

2019-05-28 10:11:30.0997|INFO|ProjectManager.Utils.LoggingUtility|Operation Result Format: JSON
Request ID: 80000008-0000-f900-b63f-84710c7967bb
Method: GET
URL: http://localhost:50830/api/user
Controller : ProjectManager.Controllers.UserController
Action : GetUser
Action Parameters : System.Web.Http.Tracing.ITraceWriterExtensions+<>c__DisplayClass14_0

2019-05-28 10:11:35.2847|INFO|ProjectManager.Utils.LoggingUtility|Operation Result Format: JSON
Request ID: 80000009-0000-f900-b63f-84710c7967bb
Method: GET
URL: http://localhost:50830/api/user
Controller : ProjectManager.Controllers.UserController
Action : GetUser
Action Parameters : System.Web.Http.Tracing.ITraceWriterExtensions+<>c__DisplayClass14_0

2019-05-28 10:11:35.2887|INFO|ProjectManager.Utils.LoggingUtility|Operation Result Format: JSON
Request ID: 80000009-0000-f900-b63f-84710c7967bb
Method: GET
URL: http://localhost:50830/api/user
Controller : ProjectManager.Controllers.UserController
Action : GetUser
Action Parameters : System.Web.Http.Tracing.ITraceWriterExtensions+<>c__DisplayClass14_0

2019-05-28 10:23:16.4167|INFO|ProjectManager.Utils.LoggingUtility|Operation Result Format: JSON
Request ID: 80000003-0001-ff00-b63f-84710c7967bb
Method: GET
URL: http://localhost:50830/api/user
Controller : ProjectManager.Controllers.UserController
Action : GetUser
Action Parameters : System.Web.Http.Tracing.ITraceWriterExtensions+<>c__DisplayClass14_0

2019-05-28 10:23:16.5507|INFO|ProjectManager.Utils.LoggingUtility|Operation Result Format: JSON
Request ID: 80000003-0001-ff00-b63f-84710c7967bb
Method: GET
URL: http://localhost:50830/api/user
Controller : ProjectManager.Controllers.UserController
Action : GetUser
Action Parameters : System.Web.Http.Tracing.ITraceWriterExtensions+<>c__DisplayClass14_0

2019-05-28 10:23:43.1980|INFO|ProjectManager.Utils.LoggingUtility|Operation Result Format: JSON
Request ID: 80000005-0001-ff00-b63f-84710c7967bb
Method: POST
URL: http://localhost:50830/api/user/add
Controller : ProjectManager.Controllers.UserController
Action : InsertUserDetails
Action Parameters : System.Web.Http.Tracing.ITraceWriterExtensions+<>c__DisplayClass14_0

2019-05-28 10:23:43.1980|INFO|ProjectManager.Utils.LoggingUtility|Operation Result Format: JSON
Request ID: 80000005-0001-ff00-b63f-84710c7967bb
Method: POST
URL: http://localhost:50830/api/user/add
Controller : ProjectManager.Controllers.UserController
Action : InsertUserDetails
Action Parameters : System.Web.Http.Tracing.ITraceWriterExtensions+<>c__DisplayClass14_0

2019-05-28 10:23:44.1620|INFO|ProjectManager.Utils.LoggingUtility|Operation Result Format: JSON
Request ID: 80000006-0001-ff00-b63f-84710c7967bb
Method: GET
URL: http://localhost:50830/api/user
Controller : ProjectManager.Controllers.UserController
Action : GetUser
Action Parameters : System.Web.Http.Tracing.ITraceWriterExtensions+<>c__DisplayClass14_0

2019-05-28 10:23:44.1620|INFO|ProjectManager.Utils.LoggingUtility|Operation Result Format: JSON
Request ID: 80000006-0001-ff00-b63f-84710c7967bb
Method: GET
URL: http://localhost:50830/api/user
Controller : ProjectManager.Controllers.UserController
Action : GetUser
Action Parameters : System.Web.Http.Tracing.ITraceWriterExtensions+<>c__DisplayClass14_0

2019-05-28 10:23:50.4307|INFO|ProjectManager.Utils.LoggingUtility|Operation Result Format: JSON
Request ID: 80000007-0001-ff00-b63f-84710c7967bb
Method: GET
URL: http://localhost:50830/api/user
Controller : ProjectManager.Controllers.UserController
Action : GetUser
Action Parameters : System.Web.Http.Tracing.ITraceWriterExtensions+<>c__DisplayClass14_0

2019-05-28 10:23:50.4307|INFO|ProjectManager.Utils.LoggingUtility|Operation Result Format: JSON
Request ID: 80000003-0001-fe00-b63f-84710c7967bb
Method: GET
URL: http://localhost:50830/api/project
Controller : ProjectManager.Controllers.ProjectController
Action : RetrieveProjects
Action Parameters : System.Web.Http.Tracing.ITraceWriterExtensions+<>c__DisplayClass14_0

2019-05-28 10:23:50.4307|INFO|ProjectManager.Utils.LoggingUtility|Operation Result Format: JSON
Request ID: 80000007-0001-ff00-b63f-84710c7967bb
Method: GET
URL: http://localhost:50830/api/user
Controller : ProjectManager.Controllers.UserController
Action : GetUser
Action Parameters : System.Web.Http.Tracing.ITraceWriterExtensions+<>c__DisplayClass14_0

2019-05-28 10:23:50.4307|INFO|ProjectManager.Utils.LoggingUtility|Operation Result Format: JSON
Request ID: 80000003-0001-fe00-b63f-84710c7967bb
Method: GET
URL: http://localhost:50830/api/project
Controller : ProjectManager.Controllers.ProjectController
Action : RetrieveProjects
Action Parameters : System.Web.Http.Tracing.ITraceWriterExtensions+<>c__DisplayClass14_0

2019-05-28 10:29:36.6659|INFO|ProjectManager.Utils.LoggingUtility|Operation Result Format: JSON
Request ID: 8000000a-0001-ff00-b63f-84710c7967bb
Method: POST
URL: http://localhost:50830/api/project/add
Controller : ProjectManager.Controllers.ProjectController
Action : InsertProjectDetails
Action Parameters : System.Web.Http.Tracing.ITraceWriterExtensions+<>c__DisplayClass14_0

2019-05-28 10:29:36.6659|INFO|ProjectManager.Utils.LoggingUtility|Operation Result Format: JSON
Request ID: 8000000a-0001-ff00-b63f-84710c7967bb
Method: POST
URL: http://localhost:50830/api/project/add
Controller : ProjectManager.Controllers.ProjectController
Action : InsertProjectDetails
Action Parameters : System.Web.Http.Tracing.ITraceWriterExtensions+<>c__DisplayClass14_0

2019-05-28 10:29:37.3408|INFO|ProjectManager.Utils.LoggingUtility|Operation Result Format: JSON
Request ID: 8000000b-0001-ff00-b63f-84710c7967bb
Method: GET
URL: http://localhost:50830/api/user
Controller : ProjectManager.Controllers.UserController
Action : GetUser
Action Parameters : System.Web.Http.Tracing.ITraceWriterExtensions+<>c__DisplayClass14_0

2019-05-28 10:29:37.3408|INFO|ProjectManager.Utils.LoggingUtility|Operation Result Format: JSON
Request ID: 80000005-0001-fe00-b63f-84710c7967bb
Method: GET
URL: http://localhost:50830/api/project
Controller : ProjectManager.Controllers.ProjectController
Action : RetrieveProjects
Action Parameters : System.Web.Http.Tracing.ITraceWriterExtensions+<>c__DisplayClass14_0

2019-05-28 10:29:37.3408|INFO|ProjectManager.Utils.LoggingUtility|Operation Result Format: JSON
Request ID: 80000005-0001-fe00-b63f-84710c7967bb
Method: GET
URL: http://localhost:50830/api/project
Controller : ProjectManager.Controllers.ProjectController
Action : RetrieveProjects
Action Parameters : System.Web.Http.Tracing.ITraceWriterExtensions+<>c__DisplayClass14_0

2019-05-28 10:29:37.3408|INFO|ProjectManager.Utils.LoggingUtility|Operation Result Format: JSON
Request ID: 8000000b-0001-ff00-b63f-84710c7967bb
Method: GET
URL: http://localhost:50830/api/user
Controller : ProjectManager.Controllers.UserController
Action : GetUser
Action Parameters : System.Web.Http.Tracing.ITraceWriterExtensions+<>c__DisplayClass14_0

2019-05-28 10:29:53.0441|INFO|ProjectManager.Utils.LoggingUtility|Operation Result Format: JSON
Request ID: 8000000c-0001-ff00-b63f-84710c7967bb
Method: GET
URL: http://localhost:50830/api/project
Controller : ProjectManager.Controllers.ProjectController
Action : RetrieveProjects
Action Parameters : System.Web.Http.Tracing.ITraceWriterExtensions+<>c__DisplayClass14_0

2019-05-28 10:29:53.0441|INFO|ProjectManager.Utils.LoggingUtility|Operation Result Format: JSON
Request ID: 8000000c-0001-ff00-b63f-84710c7967bb
Method: GET
URL: http://localhost:50830/api/project
Controller : ProjectManager.Controllers.ProjectController
Action : RetrieveProjects
Action Parameters : System.Web.Http.Tracing.ITraceWriterExtensions+<>c__DisplayClass14_0

2019-05-28 10:30:17.8631|INFO|ProjectManager.Utils.LoggingUtility|Operation Result Format: JSON
Request ID: 8000000d-0001-ff00-b63f-84710c7967bb
Method: GET
URL: http://localhost:50830/api/task/parent
Controller : ProjectManager.Controllers.TaskController
Action : RetrieveParentTasks
Action Parameters : System.Web.Http.Tracing.ITraceWriterExtensions+<>c__DisplayClass14_0

2019-05-28 10:30:17.8681|INFO|ProjectManager.Utils.LoggingUtility|Operation Result Format: JSON
Request ID: 8000000d-0001-ff00-b63f-84710c7967bb
Method: GET
URL: http://localhost:50830/api/task/parent
Controller : ProjectManager.Controllers.TaskController
Action : RetrieveParentTasks
Action Parameters : System.Web.Http.Tracing.ITraceWriterExtensions+<>c__DisplayClass14_0

2019-05-28 10:30:26.5845|INFO|ProjectManager.Utils.LoggingUtility|Operation Result Format: JSON
Request ID: 8000000e-0001-ff00-b63f-84710c7967bb
Method: GET
URL: http://localhost:50830/api/user
Controller : ProjectManager.Controllers.UserController
Action : GetUser
Action Parameters : System.Web.Http.Tracing.ITraceWriterExtensions+<>c__DisplayClass14_0

2019-05-28 10:30:26.5845|INFO|ProjectManager.Utils.LoggingUtility|Operation Result Format: JSON
Request ID: 8000000e-0001-ff00-b63f-84710c7967bb
Method: GET
URL: http://localhost:50830/api/user
Controller : ProjectManager.Controllers.UserController
Action : GetUser
Action Parameters : System.Web.Http.Tracing.ITraceWriterExtensions+<>c__DisplayClass14_0

2019-05-28 10:30:36.5110|INFO|ProjectManager.Utils.LoggingUtility|Operation Result Format: JSON
Request ID: 80000010-0001-ff00-b63f-84710c7967bb
Method: POST
URL: http://localhost:50830/api/task/add
Controller : ProjectManager.Controllers.TaskController
Action : InsertTaskDetails
Action Parameters : System.Web.Http.Tracing.ITraceWriterExtensions+<>c__DisplayClass14_0

2019-05-28 10:30:36.5110|INFO|ProjectManager.Utils.LoggingUtility|Operation Result Format: JSON
Request ID: 80000010-0001-ff00-b63f-84710c7967bb
Method: POST
URL: http://localhost:50830/api/task/add
Controller : ProjectManager.Controllers.TaskController
Action : InsertTaskDetails
Action Parameters : System.Web.Http.Tracing.ITraceWriterExtensions+<>c__DisplayClass14_0

2019-05-28 10:30:52.5982|INFO|ProjectManager.Utils.LoggingUtility|Operation Result Format: JSON
Request ID: 80000011-0001-ff00-b63f-84710c7967bb
Method: GET
URL: http://localhost:50830/api/project
Controller : ProjectManager.Controllers.ProjectController
Action : RetrieveProjects
Action Parameters : System.Web.Http.Tracing.ITraceWriterExtensions+<>c__DisplayClass14_0

2019-05-28 10:30:52.6112|INFO|ProjectManager.Utils.LoggingUtility|Operation Result Format: JSON
Request ID: 80000011-0001-ff00-b63f-84710c7967bb
Method: GET
URL: http://localhost:50830/api/project
Controller : ProjectManager.Controllers.ProjectController
Action : RetrieveProjects
Action Parameters : System.Web.Http.Tracing.ITraceWriterExtensions+<>c__DisplayClass14_0

2019-05-28 10:31:01.2628|INFO|ProjectManager.Utils.LoggingUtility|Operation Result Format: JSON
Request ID: 80000012-0001-ff00-b63f-84710c7967bb
Method: GET
URL: http://localhost:50830/api/task?projectId=2002
Controller : ProjectManager.Controllers.TaskController
Action : RetrieveTaskByProjectId
Action Parameters : System.Web.Http.Tracing.ITraceWriterExtensions+<>c__DisplayClass14_0

2019-05-28 10:31:01.2628|INFO|ProjectManager.Utils.LoggingUtility|Operation Result Format: JSON
Request ID: 80000012-0001-ff00-b63f-84710c7967bb
Method: GET
URL: http://localhost:50830/api/task?projectId=2002
Controller : ProjectManager.Controllers.TaskController
Action : RetrieveTaskByProjectId
Action Parameters : System.Web.Http.Tracing.ITraceWriterExtensions+<>c__DisplayClass14_0

2019-05-28 10:31:06.5449|INFO|ProjectManager.Utils.LoggingUtility|Operation Result Format: JSON
Request ID: 80000014-0001-ff00-b63f-84710c7967bb
Method: POST
URL: http://localhost:50830/api/task/delete
Controller : ProjectManager.Controllers.TaskController
Action : DeleteTaskDetails
Action Parameters : System.Web.Http.Tracing.ITraceWriterExtensions+<>c__DisplayClass14_0

2019-05-28 10:31:06.5449|INFO|ProjectManager.Utils.LoggingUtility|Operation Result Format: JSON
Request ID: 80000014-0001-ff00-b63f-84710c7967bb
Method: POST
URL: http://localhost:50830/api/task/delete
Controller : ProjectManager.Controllers.TaskController
Action : DeleteTaskDetails
Action Parameters : System.Web.Http.Tracing.ITraceWriterExtensions+<>c__DisplayClass14_0

2019-05-28 10:31:06.8669|INFO|ProjectManager.Utils.LoggingUtility|Operation Result Format: JSON
Request ID: 80000015-0001-ff00-b63f-84710c7967bb
Method: GET
URL: http://localhost:50830/api/task?projectId=2002
Controller : ProjectManager.Controllers.TaskController
Action : RetrieveTaskByProjectId
Action Parameters : System.Web.Http.Tracing.ITraceWriterExtensions+<>c__DisplayClass14_0

2019-05-28 10:31:06.8669|INFO|ProjectManager.Utils.LoggingUtility|Operation Result Format: JSON
Request ID: 80000015-0001-ff00-b63f-84710c7967bb
Method: GET
URL: http://localhost:50830/api/task?projectId=2002
Controller : ProjectManager.Controllers.TaskController
Action : RetrieveTaskByProjectId
Action Parameters : System.Web.Http.Tracing.ITraceWriterExtensions+<>c__DisplayClass14_0

2019-05-28 10:31:12.1354|INFO|ProjectManager.Utils.LoggingUtility|Operation Result Format: JSON
Request ID: 80000016-0001-ff00-b63f-84710c7967bb
Method: GET
URL: http://localhost:50830/api/user
Controller : ProjectManager.Controllers.UserController
Action : GetUser
Action Parameters : System.Web.Http.Tracing.ITraceWriterExtensions+<>c__DisplayClass14_0

2019-05-28 10:31:12.1354|INFO|ProjectManager.Utils.LoggingUtility|Operation Result Format: JSON
Request ID: 80000006-0001-fe00-b63f-84710c7967bb
Method: GET
URL: http://localhost:50830/api/project
Controller : ProjectManager.Controllers.ProjectController
Action : RetrieveProjects
Action Parameters : System.Web.Http.Tracing.ITraceWriterExtensions+<>c__DisplayClass14_0

2019-05-28 10:31:12.1354|INFO|ProjectManager.Utils.LoggingUtility|Operation Result Format: JSON
Request ID: 80000016-0001-ff00-b63f-84710c7967bb
Method: GET
URL: http://localhost:50830/api/user
Controller : ProjectManager.Controllers.UserController
Action : GetUser
Action Parameters : System.Web.Http.Tracing.ITraceWriterExtensions+<>c__DisplayClass14_0

2019-05-28 10:31:12.1354|INFO|ProjectManager.Utils.LoggingUtility|Operation Result Format: JSON
Request ID: 80000006-0001-fe00-b63f-84710c7967bb
Method: GET
URL: http://localhost:50830/api/project
Controller : ProjectManager.Controllers.ProjectController
Action : RetrieveProjects
Action Parameters : System.Web.Http.Tracing.ITraceWriterExtensions+<>c__DisplayClass14_0

2019-05-28 10:42:14.9603|INFO|ProjectManager.Utils.LoggingUtility|Operation Result Format: JSON
Request ID: 80000002-0002-fd00-b63f-84710c7967bb
Method: GET
URL: http://localhost:50830/api/project
Controller : ProjectManager.Controllers.ProjectController
Action : RetrieveProjects
Action Parameters : System.Web.Http.Tracing.ITraceWriterExtensions+<>c__DisplayClass14_0

2019-05-28 10:42:14.9603|INFO|ProjectManager.Utils.LoggingUtility|Operation Result Format: JSON
Request ID: 80000002-0002-fd00-b63f-84710c7967bb
Method: GET
URL: http://localhost:50830/api/project
Controller : ProjectManager.Controllers.ProjectController
Action : RetrieveProjects
Action Parameters : System.Web.Http.Tracing.ITraceWriterExtensions+<>c__DisplayClass14_0

2019-05-28 10:42:14.9603|INFO|ProjectManager.Utils.LoggingUtility|Operation Result Format: JSON
Request ID: 80000004-0000-f700-b63f-84710c7967bb
Method: GET
URL: http://localhost:50830/api/user
Controller : ProjectManager.Controllers.UserController
Action : GetUser
Action Parameters : System.Web.Http.Tracing.ITraceWriterExtensions+<>c__DisplayClass14_0

2019-05-28 10:42:14.9933|INFO|ProjectManager.Utils.LoggingUtility|Operation Result Format: JSON
Request ID: 80000004-0000-f700-b63f-84710c7967bb
Method: GET
URL: http://localhost:50830/api/user
Controller : ProjectManager.Controllers.UserController
Action : GetUser
Action Parameters : System.Web.Http.Tracing.ITraceWriterExtensions+<>c__DisplayClass14_0

2019-05-28 10:42:15.7433|INFO|ProjectManager.Utils.LoggingUtility|Operation Result Format: JSON
Request ID: 80000005-0000-f700-b63f-84710c7967bb
Method: GET
URL: http://localhost:50830/api/user
Controller : ProjectManager.Controllers.UserController
Action : GetUser
Action Parameters : System.Web.Http.Tracing.ITraceWriterExtensions+<>c__DisplayClass14_0

2019-05-28 10:42:15.7433|INFO|ProjectManager.Utils.LoggingUtility|Operation Result Format: JSON
Request ID: 80000005-0000-f700-b63f-84710c7967bb
Method: GET
URL: http://localhost:50830/api/user
Controller : ProjectManager.Controllers.UserController
Action : GetUser
Action Parameters : System.Web.Http.Tracing.ITraceWriterExtensions+<>c__DisplayClass14_0

2019-05-28 10:42:16.3913|INFO|ProjectManager.Utils.LoggingUtility|Operation Result Format: JSON
Request ID: 80000006-0000-f700-b63f-84710c7967bb
Method: GET
URL: http://localhost:50830/api/project
Controller : ProjectManager.Controllers.ProjectController
Action : RetrieveProjects
Action Parameters : System.Web.Http.Tracing.ITraceWriterExtensions+<>c__DisplayClass14_0

2019-05-28 10:42:16.3913|INFO|ProjectManager.Utils.LoggingUtility|Operation Result Format: JSON
Request ID: 80000006-0000-f700-b63f-84710c7967bb
Method: GET
URL: http://localhost:50830/api/project
Controller : ProjectManager.Controllers.ProjectController
Action : RetrieveProjects
Action Parameters : System.Web.Http.Tracing.ITraceWriterExtensions+<>c__DisplayClass14_0

2019-05-28 10:42:23.3443|INFO|ProjectManager.Utils.LoggingUtility|Operation Result Format: JSON
Request ID: 80000002-0000-f600-b63f-84710c7967bb
Method: GET
URL: http://localhost:50830/api/project
Controller : ProjectManager.Controllers.ProjectController
Action : RetrieveProjects
Action Parameters : System.Web.Http.Tracing.ITraceWriterExtensions+<>c__DisplayClass14_0

2019-05-28 10:42:23.3443|INFO|ProjectManager.Utils.LoggingUtility|Operation Result Format: JSON
Request ID: 80000008-0003-ff00-b63f-84710c7967bb
Method: GET
URL: http://localhost:50830/api/user
Controller : ProjectManager.Controllers.UserController
Action : GetUser
Action Parameters : System.Web.Http.Tracing.ITraceWriterExtensions+<>c__DisplayClass14_0

2019-05-28 10:42:23.3443|INFO|ProjectManager.Utils.LoggingUtility|Operation Result Format: JSON
Request ID: 80000002-0000-f600-b63f-84710c7967bb
Method: GET
URL: http://localhost:50830/api/project
Controller : ProjectManager.Controllers.ProjectController
Action : RetrieveProjects
Action Parameters : System.Web.Http.Tracing.ITraceWriterExtensions+<>c__DisplayClass14_0

2019-05-28 10:42:23.3503|INFO|ProjectManager.Utils.LoggingUtility|Operation Result Format: JSON
Request ID: 80000008-0003-ff00-b63f-84710c7967bb
Method: GET
URL: http://localhost:50830/api/user
Controller : ProjectManager.Controllers.UserController
Action : GetUser
Action Parameters : System.Web.Http.Tracing.ITraceWriterExtensions+<>c__DisplayClass14_0

2019-05-28 10:42:57.5630|INFO|ProjectManager.Utils.LoggingUtility|Operation Result Format: JSON
Request ID: 80000007-0000-f700-b63f-84710c7967bb
Method: GET
URL: http://localhost:50830/api/task?projectId=1
Controller : ProjectManager.Controllers.TaskController
Action : RetrieveTaskByProjectId
Action Parameters : System.Web.Http.Tracing.ITraceWriterExtensions+<>c__DisplayClass14_0

2019-05-28 10:42:57.5690|INFO|ProjectManager.Utils.LoggingUtility|Operation Result Format: JSON
Request ID: 80000007-0000-f700-b63f-84710c7967bb
Method: GET
URL: http://localhost:50830/api/task?projectId=1
Controller : ProjectManager.Controllers.TaskController
Action : RetrieveTaskByProjectId
Action Parameters : System.Web.Http.Tracing.ITraceWriterExtensions+<>c__DisplayClass14_0

2019-05-28 10:43:09.5324|INFO|ProjectManager.Utils.LoggingUtility|Operation Result Format: JSON
Request ID: 80000008-0000-f700-b63f-84710c7967bb
Method: GET
URL: http://localhost:50830/api/task?projectId=1
Controller : ProjectManager.Controllers.TaskController
Action : RetrieveTaskByProjectId
Action Parameters : System.Web.Http.Tracing.ITraceWriterExtensions+<>c__DisplayClass14_0

2019-05-28 10:43:09.5324|INFO|ProjectManager.Utils.LoggingUtility|Operation Result Format: JSON
Request ID: 80000008-0000-f700-b63f-84710c7967bb
Method: GET
URL: http://localhost:50830/api/task?projectId=1
Controller : ProjectManager.Controllers.TaskController
Action : RetrieveTaskByProjectId
Action Parameters : System.Web.Http.Tracing.ITraceWriterExtensions+<>c__DisplayClass14_0

2019-05-28 10:45:12.4400|INFO|ProjectManager.Utils.LoggingUtility|Operation Result Format: JSON
Request ID: 80000009-0000-f700-b63f-84710c7967bb
Method: GET
URL: http://localhost:50830/api/user
Controller : ProjectManager.Controllers.UserController
Action : GetUser
Action Parameters : System.Web.Http.Tracing.ITraceWriterExtensions+<>c__DisplayClass14_0

2019-05-28 10:45:12.4450|INFO|ProjectManager.Utils.LoggingUtility|Operation Result Format: JSON
Request ID: 80000009-0000-f700-b63f-84710c7967bb
Method: GET
URL: http://localhost:50830/api/user
Controller : ProjectManager.Controllers.UserController
Action : GetUser
Action Parameters : System.Web.Http.Tracing.ITraceWriterExtensions+<>c__DisplayClass14_0

2019-05-28 10:45:12.4400|INFO|ProjectManager.Utils.LoggingUtility|Operation Result Format: JSON
Request ID: 80000004-0000-f600-b63f-84710c7967bb
Method: GET
URL: http://localhost:50830/api/project
Controller : ProjectManager.Controllers.ProjectController
Action : RetrieveProjects
Action Parameters : System.Web.Http.Tracing.ITraceWriterExtensions+<>c__DisplayClass14_0

2019-05-28 10:45:12.4890|INFO|ProjectManager.Utils.LoggingUtility|Operation Result Format: JSON
Request ID: 80000004-0000-f600-b63f-84710c7967bb
Method: GET
URL: http://localhost:50830/api/project
Controller : ProjectManager.Controllers.ProjectController
Action : RetrieveProjects
Action Parameters : System.Web.Http.Tracing.ITraceWriterExtensions+<>c__DisplayClass14_0

2019-05-28 10:45:14.0940|INFO|ProjectManager.Utils.LoggingUtility|Operation Result Format: JSON
Request ID: 80000005-0000-f600-b63f-84710c7967bb
Method: GET
URL: http://localhost:50830/api/user
Controller : ProjectManager.Controllers.UserController
Action : GetUser
Action Parameters : System.Web.Http.Tracing.ITraceWriterExtensions+<>c__DisplayClass14_0

2019-05-28 10:45:14.0940|INFO|ProjectManager.Utils.LoggingUtility|Operation Result Format: JSON
Request ID: 80000005-0000-f600-b63f-84710c7967bb
Method: GET
URL: http://localhost:50830/api/user
Controller : ProjectManager.Controllers.UserController
Action : GetUser
Action Parameters : System.Web.Http.Tracing.ITraceWriterExtensions+<>c__DisplayClass14_0

2019-05-28 10:45:15.5990|INFO|ProjectManager.Utils.LoggingUtility|Operation Result Format: JSON
Request ID: 80000006-0000-f600-b63f-84710c7967bb
Method: GET
URL: http://localhost:50830/api/project
Controller : ProjectManager.Controllers.ProjectController
Action : RetrieveProjects
Action Parameters : System.Web.Http.Tracing.ITraceWriterExtensions+<>c__DisplayClass14_0

2019-05-28 10:45:15.6030|INFO|ProjectManager.Utils.LoggingUtility|Operation Result Format: JSON
Request ID: 80000006-0000-f600-b63f-84710c7967bb
Method: GET
URL: http://localhost:50830/api/project
Controller : ProjectManager.Controllers.ProjectController
Action : RetrieveProjects
Action Parameters : System.Web.Http.Tracing.ITraceWriterExtensions+<>c__DisplayClass14_0

2019-05-28 10:45:26.0844|INFO|ProjectManager.Utils.LoggingUtility|Operation Result Format: JSON
Request ID: 80000018-0001-ff00-b63f-84710c7967bb
Method: GET
URL: http://localhost:50830/api/user
Controller : ProjectManager.Controllers.UserController
Action : GetUser
Action Parameters : System.Web.Http.Tracing.ITraceWriterExtensions+<>c__DisplayClass14_0

2019-05-28 10:45:26.0844|INFO|ProjectManager.Utils.LoggingUtility|Operation Result Format: JSON
Request ID: 80000018-0001-ff00-b63f-84710c7967bb
Method: GET
URL: http://localhost:50830/api/user
Controller : ProjectManager.Controllers.UserController
Action : GetUser
Action Parameters : System.Web.Http.Tracing.ITraceWriterExtensions+<>c__DisplayClass14_0

2019-05-28 10:45:50.4113|INFO|ProjectManager.Utils.LoggingUtility|Operation Result Format: JSON
Request ID: 8000001a-0001-ff00-b63f-84710c7967bb
Method: POST
URL: http://localhost:50830/api/user/add
Controller : ProjectManager.Controllers.UserController
Action : InsertUserDetails
Action Parameters : System.Web.Http.Tracing.ITraceWriterExtensions+<>c__DisplayClass14_0

2019-05-28 10:45:50.4143|INFO|ProjectManager.Utils.LoggingUtility|Operation Result Format: JSON
Request ID: 8000001a-0001-ff00-b63f-84710c7967bb
Method: POST
URL: http://localhost:50830/api/user/add
Controller : ProjectManager.Controllers.UserController
Action : InsertUserDetails
Action Parameters : System.Web.Http.Tracing.ITraceWriterExtensions+<>c__DisplayClass14_0

2019-05-28 10:45:50.5033|INFO|ProjectManager.Utils.LoggingUtility|Operation Result Format: JSON
Request ID: 8000001b-0001-ff00-b63f-84710c7967bb
Method: GET
URL: http://localhost:50830/api/user
Controller : ProjectManager.Controllers.UserController
Action : GetUser
Action Parameters : System.Web.Http.Tracing.ITraceWriterExtensions+<>c__DisplayClass14_0

2019-05-28 10:45:50.5093|INFO|ProjectManager.Utils.LoggingUtility|Operation Result Format: JSON
Request ID: 8000001b-0001-ff00-b63f-84710c7967bb
Method: GET
URL: http://localhost:50830/api/user
Controller : ProjectManager.Controllers.UserController
Action : GetUser
Action Parameters : System.Web.Http.Tracing.ITraceWriterExtensions+<>c__DisplayClass14_0

2019-05-28 10:45:54.4293|INFO|ProjectManager.Utils.LoggingUtility|Operation Result Format: JSON
Request ID: 8000001c-0001-ff00-b63f-84710c7967bb
Method: GET
URL: http://localhost:50830/api/user
Controller : ProjectManager.Controllers.UserController
Action : GetUser
Action Parameters : System.Web.Http.Tracing.ITraceWriterExtensions+<>c__DisplayClass14_0

2019-05-28 10:45:54.4293|INFO|ProjectManager.Utils.LoggingUtility|Operation Result Format: JSON
Request ID: 8000001c-0001-ff00-b63f-84710c7967bb
Method: GET
URL: http://localhost:50830/api/user
Controller : ProjectManager.Controllers.UserController
Action : GetUser
Action Parameters : System.Web.Http.Tracing.ITraceWriterExtensions+<>c__DisplayClass14_0

2019-05-28 10:45:54.4293|INFO|ProjectManager.Utils.LoggingUtility|Operation Result Format: JSON
Request ID: 80000002-0000-f500-b63f-84710c7967bb
Method: GET
URL: http://localhost:50830/api/project
Controller : ProjectManager.Controllers.ProjectController
Action : RetrieveProjects
Action Parameters : System.Web.Http.Tracing.ITraceWriterExtensions+<>c__DisplayClass14_0

2019-05-28 10:45:54.4673|INFO|ProjectManager.Utils.LoggingUtility|Operation Result Format: JSON
Request ID: 80000002-0000-f500-b63f-84710c7967bb
Method: GET
URL: http://localhost:50830/api/project
Controller : ProjectManager.Controllers.ProjectController
Action : RetrieveProjects
Action Parameters : System.Web.Http.Tracing.ITraceWriterExtensions+<>c__DisplayClass14_0

2019-05-28 10:46:45.9759|INFO|ProjectManager.Utils.LoggingUtility|Operation Result Format: JSON
Request ID: 80000004-0000-f500-b63f-84710c7967bb
Method: POST
URL: http://localhost:50830/api/project/add
Controller : ProjectManager.Controllers.ProjectController
Action : InsertProjectDetails
Action Parameters : System.Web.Http.Tracing.ITraceWriterExtensions+<>c__DisplayClass14_0

2019-05-28 10:46:45.9759|INFO|ProjectManager.Utils.LoggingUtility|Operation Result Format: JSON
Request ID: 80000004-0000-f500-b63f-84710c7967bb
Method: POST
URL: http://localhost:50830/api/project/add
Controller : ProjectManager.Controllers.ProjectController
Action : InsertProjectDetails
Action Parameters : System.Web.Http.Tracing.ITraceWriterExtensions+<>c__DisplayClass14_0

2019-05-28 10:46:46.3109|INFO|ProjectManager.Utils.LoggingUtility|Operation Result Format: JSON
Request ID: 80000005-0000-f500-b63f-84710c7967bb
Method: GET
URL: http://localhost:50830/api/user
Controller : ProjectManager.Controllers.UserController
Action : GetUser
Action Parameters : System.Web.Http.Tracing.ITraceWriterExtensions+<>c__DisplayClass14_0

2019-05-28 10:46:46.3219|INFO|ProjectManager.Utils.LoggingUtility|Operation Result Format: JSON
Request ID: 80000005-0000-f500-b63f-84710c7967bb
Method: GET
URL: http://localhost:50830/api/user
Controller : ProjectManager.Controllers.UserController
Action : GetUser
Action Parameters : System.Web.Http.Tracing.ITraceWriterExtensions+<>c__DisplayClass14_0

2019-05-28 10:46:46.3219|INFO|ProjectManager.Utils.LoggingUtility|Operation Result Format: JSON
Request ID: 8000001d-0001-ff00-b63f-84710c7967bb
Method: GET
URL: http://localhost:50830/api/project
Controller : ProjectManager.Controllers.ProjectController
Action : RetrieveProjects
Action Parameters : System.Web.Http.Tracing.ITraceWriterExtensions+<>c__DisplayClass14_0

2019-05-28 10:46:46.3519|INFO|ProjectManager.Utils.LoggingUtility|Operation Result Format: JSON
Request ID: 8000001d-0001-ff00-b63f-84710c7967bb
Method: GET
URL: http://localhost:50830/api/project
Controller : ProjectManager.Controllers.ProjectController
Action : RetrieveProjects
Action Parameters : System.Web.Http.Tracing.ITraceWriterExtensions+<>c__DisplayClass14_0

2019-05-28 10:47:06.2987|INFO|ProjectManager.Utils.LoggingUtility|Operation Result Format: JSON
Request ID: 8000001e-0001-ff00-b63f-84710c7967bb
Method: GET
URL: http://localhost:50830/api/project
Controller : ProjectManager.Controllers.ProjectController
Action : RetrieveProjects
Action Parameters : System.Web.Http.Tracing.ITraceWriterExtensions+<>c__DisplayClass14_0

2019-05-28 10:47:06.3027|INFO|ProjectManager.Utils.LoggingUtility|Operation Result Format: JSON
Request ID: 8000001e-0001-ff00-b63f-84710c7967bb
Method: GET
URL: http://localhost:50830/api/project
Controller : ProjectManager.Controllers.ProjectController
Action : RetrieveProjects
Action Parameters : System.Web.Http.Tracing.ITraceWriterExtensions+<>c__DisplayClass14_0

2019-05-28 10:47:50.4695|INFO|ProjectManager.Utils.LoggingUtility|Operation Result Format: JSON
Request ID: 80000020-0001-ff00-b63f-84710c7967bb
Method: POST
URL: http://localhost:50830/api/task/add
Controller : ProjectManager.Controllers.TaskController
Action : InsertTaskDetails
Action Parameters : System.Web.Http.Tracing.ITraceWriterExtensions+<>c__DisplayClass14_0

2019-05-28 10:47:50.4695|INFO|ProjectManager.Utils.LoggingUtility|Operation Result Format: JSON
Request ID: 80000020-0001-ff00-b63f-84710c7967bb
Method: POST
URL: http://localhost:50830/api/task/add
Controller : ProjectManager.Controllers.TaskController
Action : InsertTaskDetails
Action Parameters : System.Web.Http.Tracing.ITraceWriterExtensions+<>c__DisplayClass14_0

2019-05-28 10:47:57.7827|INFO|ProjectManager.Utils.LoggingUtility|Operation Result Format: JSON
Request ID: 80000021-0001-ff00-b63f-84710c7967bb
Method: GET
URL: http://localhost:50830/api/project
Controller : ProjectManager.Controllers.ProjectController
Action : RetrieveProjects
Action Parameters : System.Web.Http.Tracing.ITraceWriterExtensions+<>c__DisplayClass14_0

2019-05-28 10:47:57.7867|INFO|ProjectManager.Utils.LoggingUtility|Operation Result Format: JSON
Request ID: 80000021-0001-ff00-b63f-84710c7967bb
Method: GET
URL: http://localhost:50830/api/project
Controller : ProjectManager.Controllers.ProjectController
Action : RetrieveProjects
Action Parameters : System.Web.Http.Tracing.ITraceWriterExtensions+<>c__DisplayClass14_0

2019-05-28 10:48:21.9968|INFO|ProjectManager.Utils.LoggingUtility|Operation Result Format: JSON
Request ID: 80000022-0001-ff00-b63f-84710c7967bb
Method: GET
URL: http://localhost:50830/api/task/parent
Controller : ProjectManager.Controllers.TaskController
Action : RetrieveParentTasks
Action Parameters : System.Web.Http.Tracing.ITraceWriterExtensions+<>c__DisplayClass14_0

2019-05-28 10:48:21.9968|INFO|ProjectManager.Utils.LoggingUtility|Operation Result Format: JSON
Request ID: 80000022-0001-ff00-b63f-84710c7967bb
Method: GET
URL: http://localhost:50830/api/task/parent
Controller : ProjectManager.Controllers.TaskController
Action : RetrieveParentTasks
Action Parameters : System.Web.Http.Tracing.ITraceWriterExtensions+<>c__DisplayClass14_0

2019-05-28 10:48:38.4337|INFO|ProjectManager.Utils.LoggingUtility|Operation Result Format: JSON
Request ID: 80000023-0001-ff00-b63f-84710c7967bb
Method: GET
URL: http://localhost:50830/api/user
Controller : ProjectManager.Controllers.UserController
Action : GetUser
Action Parameters : System.Web.Http.Tracing.ITraceWriterExtensions+<>c__DisplayClass14_0

2019-05-28 10:48:38.4337|INFO|ProjectManager.Utils.LoggingUtility|Operation Result Format: JSON
Request ID: 80000023-0001-ff00-b63f-84710c7967bb
Method: GET
URL: http://localhost:50830/api/user
Controller : ProjectManager.Controllers.UserController
Action : GetUser
Action Parameters : System.Web.Http.Tracing.ITraceWriterExtensions+<>c__DisplayClass14_0

2019-05-28 10:48:57.7181|INFO|ProjectManager.Utils.LoggingUtility|Operation Result Format: JSON
Request ID: 80000024-0001-ff00-b63f-84710c7967bb
Method: GET
URL: http://localhost:50830/api/user
Controller : ProjectManager.Controllers.UserController
Action : GetUser
Action Parameters : System.Web.Http.Tracing.ITraceWriterExtensions+<>c__DisplayClass14_0

2019-05-28 10:48:57.7181|INFO|ProjectManager.Utils.LoggingUtility|Operation Result Format: JSON
Request ID: 80000024-0001-ff00-b63f-84710c7967bb
Method: GET
URL: http://localhost:50830/api/user
Controller : ProjectManager.Controllers.UserController
Action : GetUser
Action Parameters : System.Web.Http.Tracing.ITraceWriterExtensions+<>c__DisplayClass14_0

2019-05-28 10:49:08.6449|INFO|ProjectManager.Utils.LoggingUtility|Operation Result Format: JSON
Request ID: 80000026-0001-ff00-b63f-84710c7967bb
Method: POST
URL: http://localhost:50830/api/task/add
Controller : ProjectManager.Controllers.TaskController
Action : InsertTaskDetails
Action Parameters : System.Web.Http.Tracing.ITraceWriterExtensions+<>c__DisplayClass14_0

2019-05-28 10:49:08.6489|INFO|ProjectManager.Utils.LoggingUtility|Operation Result Format: JSON
Request ID: 80000026-0001-ff00-b63f-84710c7967bb
Method: POST
URL: http://localhost:50830/api/task/add
Controller : ProjectManager.Controllers.TaskController
Action : InsertTaskDetails
Action Parameters : System.Web.Http.Tracing.ITraceWriterExtensions+<>c__DisplayClass14_0

2019-05-28 10:49:46.9250|INFO|ProjectManager.Utils.LoggingUtility|Operation Result Format: JSON
Request ID: 80000027-0001-ff00-b63f-84710c7967bb
Method: GET
URL: http://localhost:50830/api/project
Controller : ProjectManager.Controllers.ProjectController
Action : RetrieveProjects
Action Parameters : System.Web.Http.Tracing.ITraceWriterExtensions+<>c__DisplayClass14_0

2019-05-28 10:49:46.9289|INFO|ProjectManager.Utils.LoggingUtility|Operation Result Format: JSON
Request ID: 80000027-0001-ff00-b63f-84710c7967bb
Method: GET
URL: http://localhost:50830/api/project
Controller : ProjectManager.Controllers.ProjectController
Action : RetrieveProjects
Action Parameters : System.Web.Http.Tracing.ITraceWriterExtensions+<>c__DisplayClass14_0

2019-05-28 10:49:53.7989|INFO|ProjectManager.Utils.LoggingUtility|Operation Result Format: JSON
Request ID: 80000028-0001-ff00-b63f-84710c7967bb
Method: GET
URL: http://localhost:50830/api/task?projectId=2003
Controller : ProjectManager.Controllers.TaskController
Action : RetrieveTaskByProjectId
Action Parameters : System.Web.Http.Tracing.ITraceWriterExtensions+<>c__DisplayClass14_0

2019-05-28 10:49:53.8088|INFO|ProjectManager.Utils.LoggingUtility|Operation Result Format: JSON
Request ID: 80000028-0001-ff00-b63f-84710c7967bb
Method: GET
URL: http://localhost:50830/api/task?projectId=2003
Controller : ProjectManager.Controllers.TaskController
Action : RetrieveTaskByProjectId
Action Parameters : System.Web.Http.Tracing.ITraceWriterExtensions+<>c__DisplayClass14_0

2019-05-28 10:51:01.6482|INFO|ProjectManager.Utils.LoggingUtility|Operation Result Format: JSON
Request ID: 8000000a-0003-ff00-b63f-84710c7967bb
Method: GET
URL: http://localhost:50830/api/user
Controller : ProjectManager.Controllers.UserController
Action : GetUser
Action Parameters : System.Web.Http.Tracing.ITraceWriterExtensions+<>c__DisplayClass14_0

2019-05-28 10:51:01.6692|INFO|ProjectManager.Utils.LoggingUtility|Operation Result Format: JSON
Request ID: 8000000a-0003-ff00-b63f-84710c7967bb
Method: GET
URL: http://localhost:50830/api/user
Controller : ProjectManager.Controllers.UserController
Action : GetUser
Action Parameters : System.Web.Http.Tracing.ITraceWriterExtensions+<>c__DisplayClass14_0

2019-05-28 10:51:01.7292|INFO|ProjectManager.Utils.LoggingUtility|Operation Result Format: JSON
Request ID: 80000004-0002-fd00-b63f-84710c7967bb
Method: GET
URL: http://localhost:50830/api/project
Controller : ProjectManager.Controllers.ProjectController
Action : RetrieveProjects
Action Parameters : System.Web.Http.Tracing.ITraceWriterExtensions+<>c__DisplayClass14_0

2019-05-28 10:51:01.7432|INFO|ProjectManager.Utils.LoggingUtility|Operation Result Format: JSON
Request ID: 80000004-0002-fd00-b63f-84710c7967bb
Method: GET
URL: http://localhost:50830/api/project
Controller : ProjectManager.Controllers.ProjectController
Action : RetrieveProjects
Action Parameters : System.Web.Http.Tracing.ITraceWriterExtensions+<>c__DisplayClass14_0

2019-05-28 10:51:27.1954|INFO|ProjectManager.Utils.LoggingUtility|Operation Result Format: JSON
Request ID: 80000007-0000-f500-b63f-84710c7967bb
Method: GET
URL: http://localhost:50830/api/user
Controller : ProjectManager.Controllers.UserController
Action : GetUser
Action Parameters : System.Web.Http.Tracing.ITraceWriterExtensions+<>c__DisplayClass14_0

2019-05-28 10:51:27.3244|INFO|ProjectManager.Utils.LoggingUtility|Operation Result Format: JSON
Request ID: 8000000b-0000-f700-b63f-84710c7967bb
Method: GET
URL: http://localhost:50830/api/project
Controller : ProjectManager.Controllers.ProjectController
Action : RetrieveProjects
Action Parameters : System.Web.Http.Tracing.ITraceWriterExtensions+<>c__DisplayClass14_0

2019-05-28 10:51:27.3494|INFO|ProjectManager.Utils.LoggingUtility|Operation Result Format: JSON
Request ID: 8000000b-0000-f700-b63f-84710c7967bb
Method: GET
URL: http://localhost:50830/api/project
Controller : ProjectManager.Controllers.ProjectController
Action : RetrieveProjects
Action Parameters : System.Web.Http.Tracing.ITraceWriterExtensions+<>c__DisplayClass14_0

2019-05-28 10:51:27.3494|INFO|ProjectManager.Utils.LoggingUtility|Operation Result Format: JSON
Request ID: 80000007-0000-f500-b63f-84710c7967bb
Method: GET
URL: http://localhost:50830/api/user
Controller : ProjectManager.Controllers.UserController
Action : GetUser
Action Parameters : System.Web.Http.Tracing.ITraceWriterExtensions+<>c__DisplayClass14_0

2019-05-28 10:51:28.3154|INFO|ProjectManager.Utils.LoggingUtility|Operation Result Format: JSON
Request ID: 80000008-0000-f500-b63f-84710c7967bb
Method: GET
URL: http://localhost:50830/api/user
Controller : ProjectManager.Controllers.UserController
Action : GetUser
Action Parameters : System.Web.Http.Tracing.ITraceWriterExtensions+<>c__DisplayClass14_0

2019-05-28 10:51:28.3235|INFO|ProjectManager.Utils.LoggingUtility|Operation Result Format: JSON
Request ID: 80000008-0000-f500-b63f-84710c7967bb
Method: GET
URL: http://localhost:50830/api/user
Controller : ProjectManager.Controllers.UserController
Action : GetUser
Action Parameters : System.Web.Http.Tracing.ITraceWriterExtensions+<>c__DisplayClass14_0

2019-05-28 10:51:29.5224|INFO|ProjectManager.Utils.LoggingUtility|Operation Result Format: JSON
Request ID: 80000009-0000-f500-b63f-84710c7967bb
Method: GET
URL: http://localhost:50830/api/project
Controller : ProjectManager.Controllers.ProjectController
Action : RetrieveProjects
Action Parameters : System.Web.Http.Tracing.ITraceWriterExtensions+<>c__DisplayClass14_0

2019-05-28 10:51:29.5224|INFO|ProjectManager.Utils.LoggingUtility|Operation Result Format: JSON
Request ID: 80000009-0000-f500-b63f-84710c7967bb
Method: GET
URL: http://localhost:50830/api/project
Controller : ProjectManager.Controllers.ProjectController
Action : RetrieveProjects
Action Parameters : System.Web.Http.Tracing.ITraceWriterExtensions+<>c__DisplayClass14_0

2019-05-28 10:52:00.2644|INFO|ProjectManager.Utils.LoggingUtility|Operation Result Format: JSON
Request ID: 8000000a-0000-f500-b63f-84710c7967bb
Method: GET
URL: http://localhost:50830/api/task?projectId=2003
Controller : ProjectManager.Controllers.TaskController
Action : RetrieveTaskByProjectId
Action Parameters : System.Web.Http.Tracing.ITraceWriterExtensions+<>c__DisplayClass14_0

2019-05-28 10:52:00.2644|INFO|ProjectManager.Utils.LoggingUtility|Operation Result Format: JSON
Request ID: 8000000a-0000-f500-b63f-84710c7967bb
Method: GET
URL: http://localhost:50830/api/task?projectId=2003
Controller : ProjectManager.Controllers.TaskController
Action : RetrieveTaskByProjectId
Action Parameters : System.Web.Http.Tracing.ITraceWriterExtensions+<>c__DisplayClass14_0

2019-05-28 10:52:19.0994|INFO|ProjectManager.Utils.LoggingUtility|Operation Result Format: JSON
Request ID: 8000000b-0000-f500-b63f-84710c7967bb
Method: GET
URL: http://localhost:50830/api/task?projectId=1
Controller : ProjectManager.Controllers.TaskController
Action : RetrieveTaskByProjectId
Action Parameters : System.Web.Http.Tracing.ITraceWriterExtensions+<>c__DisplayClass14_0

2019-05-28 10:52:19.0994|INFO|ProjectManager.Utils.LoggingUtility|Operation Result Format: JSON
Request ID: 8000000b-0000-f500-b63f-84710c7967bb
Method: GET
URL: http://localhost:50830/api/task?projectId=1
Controller : ProjectManager.Controllers.TaskController
Action : RetrieveTaskByProjectId
Action Parameters : System.Web.Http.Tracing.ITraceWriterExtensions+<>c__DisplayClass14_0

